<?xml version="1.0" encoding="UTF-8"?>
<testsuite name="TestUtils" tests="1" skipped="0" failures="0" errors="0" timestamp="2024-10-02T17:01:03" hostname="DESKTOP-Q4NA06R" time="0.019">
  <properties/>
  <testcase name="TestUtils()" classname="TestUtils" time="0.019"/>
  <system-out><![CDATA[]]></system-out>
  <system-err><![CDATA[]]></system-err>
</testsuite>
